{
  "stats": {
    "suites": 1,
    "tests": 1,
    "passes": 1,
    "pending": 0,
    "failures": 0,
    "testsRegistered": 1,
    "passPercent": 100,
    "pendingPercent": 0,
    "other": 0,
    "hasOther": false,
    "skipped": 0,
    "hasSkipped": false,
    "start": "2024-02-01T13:24:31.397Z",
    "end": "2024-02-01T13:24:49.001Z",
    "duration": 17604
  },
  "results": [
    {
      "uuid": "844de0ca-e51f-4b14-a005-e4d1a40fea9f",
      "title": "",
      "fullFile": "cypress/e2e/UpdateParticipant.spec.cy.js",
      "file": "cypress/e2e/UpdateParticipant.spec.cy.js",
      "beforeHooks": [],
      "afterHooks": [],
      "tests": [],
      "suites": [
        {
          "uuid": "3cd4af88-8584-44d2-b3f5-c43d4c6dde49",
          "title": "Update Participant Details",
          "fullFile": "",
          "file": "",
          "beforeHooks": [],
          "afterHooks": [],
          "tests": [
            {
              "title": "Walmart Search Finding",
              "fullTitle": "Update Participant Details Walmart Search Finding",
              "timedOut": null,
              "duration": 15913,
              "state": "passed",
              "speed": "slow",
              "pass": true,
              "fail": false,
              "pending": false,
              "context": null,
              "code": "cy.visit(\"https://www.amazon.in/\", {\n  timeout: 10000\n});\ncy.get(\"#twotabsearchtextbox\").type(\"{shift}goodies\").wait(10000).get(\"div.s-suggestion.s-suggestion-ellipsis-direction span\").each(($val, index, $list) => {\n  cy.log($val.text());\n  if ($val.text().includes(\"for kids\")) {\n    cy.log(\"Came into this loop\");\n    cy.wrap($val).click({\n      force: true\n    });\n  }\n});",
              "err": {},
              "uuid": "52fc544a-d957-46ea-aad3-4e5d4d7b2120",
              "parentUUID": "3cd4af88-8584-44d2-b3f5-c43d4c6dde49",
              "isHook": false,
              "skipped": false
            }
          ],
          "suites": [],
          "passes": [
            "52fc544a-d957-46ea-aad3-4e5d4d7b2120"
          ],
          "failures": [],
          "pending": [],
          "skipped": [],
          "duration": 15913,
          "root": false,
          "rootEmpty": false,
          "_timeout": 2000
        }
      ],
      "passes": [],
      "failures": [],
      "pending": [],
      "skipped": [],
      "duration": 0,
      "root": true,
      "rootEmpty": true,
      "_timeout": 2000
    }
  ],
  "meta": {
    "mocha": {
      "version": "7.0.1"
    },
    "mochawesome": {
      "options": {
        "quiet": true,
        "reportFilename": "mochawesome",
        "saveHtml": false,
        "saveJson": true,
        "consoleReporter": "spec",
        "useInlineDiffs": false,
        "code": true
      },
      "version": "7.1.3"
    },
    "marge": {
      "options": {
        "id": "default",
        "reportDir": "cypress/reports/mocha",
        "quiet": true,
        "overwrite": false,
        "html": false,
        "json": true
      },
      "version": "6.2.0"
    }
  }
}